22:21:28: Creating resource group General
22:21:28: Creating resource group Internal
22:21:28: Creating resource group Autodetect
22:21:28: Registering ResourceManager for type Mesh
22:21:28: Registering ResourceManager for type Material
22:21:28: Registering ResourceManager for type Skeleton
22:21:28: XMLMeshSerializer reading mesh data from athene.mesh.xml...
22:21:28: Reading submeshes...
22:21:28: Reading geometry...
22:21:28: Geometry done...
22:21:28: Submeshes done.
22:21:28: XMLMeshSerializer import successful.
22:21:28: Reorganising vertex buffers to automatic layout..
22:21:28: MeshSerializer writing mesh data to athene.mesh...
22:21:28: File header written.
22:21:28: Writing mesh data...
22:21:28: Writing submesh...
22:21:28: Exporting submesh texture aliases...
22:21:28: Submesh texture aliases exported.
22:21:28: Submesh exported.
22:21:28: Exporting bounds information....
22:21:28: Bounds information exported.
22:21:28: Exporting submesh name table...
22:21:28: Submesh name table exported.
22:21:28: Exporting edge lists...
22:21:28: Edge lists exported
22:21:28: Mesh data exported.
22:21:28: MeshSerializer export successful.
22:21:28: Unregistering ResourceManager for type Skeleton
22:21:28: Unregistering ResourceManager for type Material
22:21:28: Unregistering ResourceManager for type Mesh
